#
# There is insufficient memory for the Java Runtime Environment to continue.
# Native memory allocation (malloc) failed to allocate 1048576 bytes for AllocateHeap
# Possible reasons:
#   The system is out of physical RAM or swap space
#   The process is running with CompressedOops enabled, and the Java Heap may be blocking the growth of the native heap
# Possible solutions:
#   Reduce memory load on the system
#   Increase physical memory or swap space
#   Check if swap backing store is full
#   Decrease Java heap size (-Xmx/-Xms)
#   Decrease number of Java threads
#   Decrease Java thread stack sizes (-Xss)
#   Set larger code cache with -XX:ReservedCodeCacheSize=
#   JVM is running with Zero Based Compressed Oops mode in which the Java heap is
#     placed in the first 32GB address space. The Java Heap base address is the
#     maximum limit for the native heap growth. Please use -XX:HeapBaseMinAddress
#     to set the Java Heap base and to place the Java Heap above 32GB virtual address.
# This output file may be truncated or incomplete.
#
#  Out of Memory Error (memory/allocation.inline.hpp:61), pid=8140, tid=0x0000000000005108
#
# JRE version:  (8.0_212-b10) (build )
# Java VM: Java HotSpot(TM) 64-Bit Server VM (25.212-b10 mixed mode windows-amd64 compressed oops)
# Failed to write core dump. Minidumps are not enabled by default on client versions of Windows
#

---------------  T H R E A D  ---------------

Current thread (0x0000000002ec2800):  JavaThread "Unknown thread" [_thread_in_vm, id=20744, stack(0x0000000002db0000,0x0000000002eb0000)]

Stack: [0x0000000002db0000,0x0000000002eb0000]
[error occurred during error reporting (printing stack bounds), id 0xc0000005]

Native frames: (J=compiled Java code, j=interpreted, Vv=VM code, C=native code)


---------------  P R O C E S S  ---------------

Java Threads: ( => current thread )

Other Threads:

=>0x0000000002ec2800 (exited) JavaThread "Unknown thread" [_thread_in_vm, id=20744, stack(0x0000000002db0000,0x0000000002eb0000)]

VM state:not at safepoint (normal execution)

VM Mutex/Monitor currently owned by a thread: None

heap address: 0x00000006c2e00000, size: 4050 MB, Compressed Oops mode: Zero based, Oop shift amount: 3
Narrow klass base: 0x0000000000000000, Narrow klass shift: 3
Compressed class space size: 1073741824 Address: 0x00000007c0000000

Heap:
 PSYoungGen      total 75776K, used 1300K [0x000000076ba00000, 0x0000000770e80000, 0x00000007c0000000)
  eden space 65024K, 2% used [0x000000076ba00000,0x000000076bb451f8,0x000000076f980000)
  from space 10752K, 0% used [0x0000000770400000,0x0000000770400000,0x0000000770e80000)
  to   space 10752K, 0% used [0x000000076f980000,0x000000076f980000,0x0000000770400000)
 ParOldGen       total 173568K, used 0K [0x00000006c2e00000, 0x00000006cd780000, 0x000000076ba00000)
  object space 173568K, 0% used [0x00000006c2e00000,0x00000006c2e00000,0x00000006cd780000)
 Metaspace       used 775K, capacity 4480K, committed 4480K, reserved 1056768K
  class space    used 76K, capacity 384K, committed 384K, reserved 1048576K

Card table byte_map: [0x0000000012380000,0x0000000012b70000] byte_map_base: 0x000000000ed69000

Marking Bits: (ParMarkBitMap*) 0x0000000065bc5ce0
 Begin Bits: [0x00000000138c0000, 0x0000000017808000)
 End Bits:   [0x0000000017808000, 0x000000001b750000)

Polling page: 0x00000000029c0000

CodeCache: size=245760Kb used=328Kb max_used=328Kb free=245431Kb
 bounds [0x0000000002fc0000, 0x0000000003230000, 0x0000000011fc0000]
 total_blobs=58 nmethods=0 adapters=38
 compilation: enabled

Compilation events (0 events):
No events

GC Heap History (0 events):
No events

Deoptimization events (0 events):
No events

Classes redefined (0 events):
No events

Internal exceptions (0 events):
No events

Events (10 events):
Event: 0.025 loading class java/lang/Short
Event: 0.025 loading class java/lang/Short done
Event: 0.025 loading class java/lang/Integer
Event: 0.025 loading class java/lang/Integer done
Event: 0.025 loading class java/lang/Long
Event: 0.025 loading class java/lang/Long done
Event: 0.026 loading class java/lang/NullPointerException
Event: 0.026 loading class java/lang/NullPointerException done
Event: 0.026 loading class java/lang/ArithmeticException
Event: 0.026 loading class java/lang/ArithmeticException done


Dynamic libraries:
0x00007ff643180000 - 0x00007ff6431b7000 	D:\myjavasoftware\java\jdk1.8.0\bin\java.exe
0x00007ff8d3700000 - 0x00007ff8d38f0000 	C:\WINDOWS\SYSTEM32\ntdll.dll
0x00007ff8d2c00000 - 0x00007ff8d2cb2000 	C:\WINDOWS\System32\KERNEL32.DLL
0x00007ff8d0670000 - 0x00007ff8d0915000 	C:\WINDOWS\System32\KERNELBASE.dll
0x00007ff8d27a0000 - 0x00007ff8d2843000 	C:\WINDOWS\System32\ADVAPI32.dll
0x00007ff8d2b30000 - 0x00007ff8d2bce000 	C:\WINDOWS\System32\msvcrt.dll
0x00007ff8d2850000 - 0x00007ff8d28e7000 	C:\WINDOWS\System32\sechost.dll
0x00007ff8d20e0000 - 0x00007ff8d21ff000 	C:\WINDOWS\System32\RPCRT4.dll
0x00007ff8d2920000 - 0x00007ff8d2ab4000 	C:\WINDOWS\System32\USER32.dll
0x00007ff8d0a20000 - 0x00007ff8d0a41000 	C:\WINDOWS\System32\win32u.dll
0x00007ff8d2770000 - 0x00007ff8d2796000 	C:\WINDOWS\System32\GDI32.dll
0x00007ff8d1610000 - 0x00007ff8d17a8000 	C:\WINDOWS\System32\gdi32full.dll
0x00007ff8d0980000 - 0x00007ff8d0a1e000 	C:\WINDOWS\System32\msvcp_win.dll
0x00007ff8d1510000 - 0x00007ff8d160a000 	C:\WINDOWS\System32\ucrtbase.dll
0x00007ff8c0590000 - 0x00007ff8c0814000 	C:\WINDOWS\WinSxS\amd64_microsoft.windows.common-controls_6595b64144ccf1df_6.0.18362.1556_none_9e7e372fe45e41d5\COMCTL32.dll
0x00007ff8d2200000 - 0x00007ff8d2536000 	C:\WINDOWS\System32\combase.dll
0x00007ff8d1480000 - 0x00007ff8d1501000 	C:\WINDOWS\System32\bcryptPrimitives.dll
0x00007ff8d2bd0000 - 0x00007ff8d2bfe000 	C:\WINDOWS\System32\IMM32.DLL
0x0000000067310000 - 0x00000000673e2000 	D:\myjavasoftware\java\jdk1.8.0\jre\bin\msvcr100.dll
0x00000000653a0000 - 0x0000000065c45000 	D:\myjavasoftware\java\jdk1.8.0\jre\bin\server\jvm.dll
0x00007ff8d1dd0000 - 0x00007ff8d1dd8000 	C:\WINDOWS\System32\PSAPI.DLL
0x00007ff8b7c10000 - 0x00007ff8b7c19000 	C:\WINDOWS\SYSTEM32\WSOCK32.dll
0x00007ff8d0190000 - 0x00007ff8d019a000 	C:\WINDOWS\SYSTEM32\VERSION.dll
0x00007ff8cddd0000 - 0x00007ff8cddf4000 	C:\WINDOWS\SYSTEM32\WINMM.dll
0x00007ff8d2ac0000 - 0x00007ff8d2b2f000 	C:\WINDOWS\System32\WS2_32.dll
0x00007ff8cdda0000 - 0x00007ff8cddcd000 	C:\WINDOWS\SYSTEM32\winmmbase.dll
0x00007ff8d1430000 - 0x00007ff8d147a000 	C:\WINDOWS\System32\cfgmgr32.dll
0x00007ff8c9d40000 - 0x00007ff8c9d4f000 	D:\myjavasoftware\java\jdk1.8.0\jre\bin\verify.dll
0x00007ff8c0d10000 - 0x00007ff8c0d39000 	D:\myjavasoftware\java\jdk1.8.0\jre\bin\java.dll
0x00007ff8c0cc0000 - 0x00007ff8c0cd6000 	D:\myjavasoftware\java\jdk1.8.0\jre\bin\zip.dll

VM Arguments:
jvm_args: -Dmaven.multiModuleProjectDirectory=D:\ideacode\qt\user-provider -Dmaven.home=D:\myjavasoftware\apache-maven-3.3.9 -Dclassworlds.conf=D:\myjavasoftware\apache-maven-3.3.9\bin\m2.conf -Dmaven.ext.class.path=D:\myjavasoftware\ideaa\IntelliJ IDEA 2020.1\plugins\maven\lib\maven-event-listener.jar -Dfile.encoding=UTF-8 
java_command: org.codehaus.classworlds.Launcher -Didea.version2020.1 -s D:\myjavasoftware\apache-maven-3.3.9\conf\settings.xml -Dmaven.repo.local=D:\myjavasoftware\maven\repository install
java_class_path (initial): D:\myjavasoftware\apache-maven-3.3.9\boot\plexus-classworlds-2.5.2.jar
Launcher Type: SUN_STANDARD

Environment Variables:
JAVA_HOME=D:\myjavasoftware\java\jdk1.8.0
PATH=G:\app\74638\product\11.2.0\dbhome_1\bin;D:\myjavasoftware\Oracl\product\11.2.0\dbhome_1\bin;C:\Program Files (x86)\Common Files\Oracle\Java\javapath;C:\windows\system32;C:\windows;C:\windows\System32\Wbem;C:\windows\System32\WindowsPowerShell\v1.0\;C:\Program Files (x86)\NVIDIA Corporation\PhysX\Common;C:\Program Files (x86)\Microsoft SQL Server\100\Tools\Binn\;C:\Program Files\Microsoft SQL Server\100\Tools\Binn\;C:\Program Files\Microsoft SQL Server\100\DTS\Binn\;C:\WINDOWS\system32;C:\WINDOWS;C:\WINDOWS\System32\Wbem;C:\WINDOWS\System32\WindowsPowerShell\v1.0\;C:\WINDOWS\System32\OpenSSH\;C:\Program Files\NVIDIA Corporation\NVIDIA NvDLISR;C:\Program Files\Intel\WiFi\bin\;C:\Program Files\Common Files\Intel\WirelessCommon\;C:\Program Files\Common Files\Autodesk Shared\;C:\Program Files\Microsoft SQL Server\120\Tools\Binn\;C:\Program Files (x86)\Autodesk\Backburner\;C:\Program Files (x86)\Common Files\Autodesk Shared\;C:\Program Files\nodejs\;C:\Program Files\MySQL\MySQL Server 5.5\bin;D:\myjavasoftware\java\jdk1.8.0\bin;D:\myjavasoftware\java\jdk1.8.0\jre\bin;D:\myjavasoftware\apache-maven-3.3.9\bin;G:\Git\cmd;G:\tools\bin;C:\Users\74638\AppData\Local\Microsoft\WindowsApps;C:\Users\74638\AppData\Roaming\npm;D:\myjavasoftware\linux\ssh
USERNAME=74638
OS=Windows_NT
PROCESSOR_IDENTIFIER=Intel64 Family 6 Model 158 Stepping 10, GenuineIntel



---------------  S Y S T E M  ---------------

OS: Windows 10.0 , 64 bit Build 18362 (10.0.18362.1500)

CPU:total 8 (initial active 8) (4 cores per cpu, 2 threads per core) family 6 model 158 stepping 10, cmov, cx8, fxsr, mmx, sse, sse2, sse3, ssse3, sse4.1, sse4.2, popcnt, avx, avx2, aes, clmul, erms, 3dnowpref, lzcnt, ht, tsc, tscinvbit, bmi1, bmi2, adx

Memory: 4k page, physical 16581052k(4986976k free), swap 32048696k(5056k free)

vm_info: Java HotSpot(TM) 64-Bit Server VM (25.212-b10) for windows-amd64 JRE (1.8.0_212-b10), built on Apr  1 2019 22:50:23 by "java_re" with MS VC++ 10.0 (VS2010)

time: Mon Aug 16 23:23:05 2021
timezone: 中国标准时间
elapsed time: 0 seconds (0d 0h 0m 0s)

